{"name": "Проверка счетчика при добавлении ингредиента", "status": "failed", "statusDetails": {"message": "AssertionError: assert 0 < 0\n +  where 0 = int('0')\n +  and   0 = int('0')", "trace": "self = <test_main_page.TestMainPage object at 0x1068b98b0>, driver = <selenium.webdriver.firefox.webdriver.WebDriver (session=\"8040dcf3-84f6-4732-8259-13d49b7d7e06\")>, set_user_tokens = None\n\n    @pytest.mark.parametrize('driver', ['chrome', 'firefox'], indirect=True)\n    @allure.title('Проверка счетчика при добавлении ингредиента')\n    @allure.description('Проверяем, что при добавлении ингредиента в заказ счётчик этого ингредиента увеличивается')\n    def test_check_ingredient_count_add_buns_counter_increase(self, driver, set_user_tokens):\n        driver.get(Urls.MAIN_URL)\n        main_page = MainPage(driver)\n        ingr_count_before_add = main_page.get_ingredient_count_text()\n        main_page.drag_ingredient_to_order_section()\n        ingr_count_after_add = main_page.get_ingredient_count_text()\n    \n>       assert int(ingr_count_before_add) < int(ingr_count_after_add)\nE       AssertionError: assert 0 < 0\nE        +  where 0 = int('0')\nE        +  and   0 = int('0')\n\ntests/test_main_page.py:71: AssertionError"}, "description": "Проверяем, что при добавлении ингредиента в заказ счётчик этого ингредиента увеличивается", "steps": [{"name": "Получаем текст заголовка секции заказов", "status": "passed", "start": 1713085696884, "stop": 1713085697412}, {"name": "Перетаскиваем булочку в секцию заказа", "status": "passed", "start": 1713085697412, "stop": 1713085697945}, {"name": "Получаем текст заголовка секции заказов", "status": "passed", "start": 1713085697945, "stop": 1713085697958}], "parameters": [{"name": "driver", "value": "'firefox'"}], "start": 1713085696763, "stop": 1713085697959, "uuid": "f5181fc4-fa2d-4c7f-8579-fd4a9bdc0904", "historyId": "9d17e9e6be95e9be555c8fe65ccca7be", "testCaseId": "10c1c7dc0e2807c2c7e52bc90cf69eb8", "fullName": "tests.test_main_page.TestMainPage#test_check_ingredient_count_add_buns_counter_increase", "labels": [{"name": "parentSuite", "value": "tests"}, {"name": "suite", "value": "test_main_page"}, {"name": "subSuite", "value": "TestMainPage"}, {"name": "host", "value": "Radiuss-MacBook-Air.local"}, {"name": "thread", "value": "70542-MainThread"}, {"name": "framework", "value": "pytest"}, {"name": "language", "value": "cpython3"}, {"name": "package", "value": "tests.test_main_page"}]}