{"name": "Проверка счетчика заказов, выполненных сегодня", "status": "failed", "statusDetails": {"message": "AssertionError: assert '332' < '332'", "trace": "self = <test_feed_page.TestFeedPage object at 0x10688ff80>, driver = <selenium.webdriver.firefox.webdriver.WebDriver (session=\"883d97f5-48dc-491f-82ad-489b6a0205dd\")>, set_user_tokens = None\n\n    @pytest.mark.parametrize('driver', ['chrome', 'firefox'], indirect=True)\n    @allure.title('Проверка счетчика заказов, выполненных сегодня')\n    @allure.description('Проверяем, что при создании нового заказа счётчик \"Выполнено за сегодня\" увеличивается')\n    def test_today_orders_counter_increase(self, driver, set_user_tokens):\n        driver.get(Urls.FEED_URL)\n        feed_page = FeedPage(driver)\n        feed_page.wait_for_orders_list_section()\n        orders_count_before = feed_page.get_today_orders_count()\n        feed_page.click_header_constructor_button()\n        main_page = MainPage(driver)\n        main_page.wait_for_order_section()\n        main_page.drag_ingredient_to_order_section()\n        main_page.click_order_button()\n        main_page.wait_for_created_order_modal()\n        main_page.click_ingredient_modal_close_button()\n        main_page.click_header_feed_button()\n        feed_page.wait_for_orders_list_section()\n        orders_count_after = feed_page.get_today_orders_count()\n    \n>       assert orders_count_before < orders_count_after\nE       AssertionError: assert '332' < '332'\n\ntests/test_feed_page.py:83: AssertionError"}, "description": "Проверяем, что при создании нового заказа счётчик \"Выполнено за сегодня\" увеличивается", "steps": [{"name": "Ожидаем появления секции конструктора заказов", "status": "passed", "start": 1713085633233, "stop": 1713085634261}, {"name": "Получаем количество заказов, выполненных за сегодня", "status": "passed", "start": 1713085634261, "stop": 1713085634274}, {"name": "Кликам по кнопке \"Конструктор\" в хэдере", "status": "passed", "start": 1713085634275, "stop": 1713085634518}, {"name": "Ожидаем появления секции конструктора заказов", "status": "passed", "start": 1713085634519, "stop": 1713085634526}, {"name": "Перетаскиваем булочку в секцию заказа", "status": "passed", "start": 1713085634526, "stop": 1713085635067}, {"name": "Кликам по кнопке оформления заказа", "status": "passed", "start": 1713085635067, "stop": 1713085635293}, {"name": "Ожидаем появления модалки с деталями заказа", "status": "passed", "start": 1713085635293, "stop": 1713085635305}, {"name": "Кликам по крестику закрытия модалки с деталями ингредиента", "status": "passed", "start": 1713085635305, "stop": 1713085635531}, {"name": "Кликам по кнопке \"Лента заказов\" в хэдере", "status": "passed", "start": 1713085635532, "stop": 1713085635783}, {"name": "Ожидаем появления секции конструктора заказов", "status": "passed", "start": 1713085635783, "stop": 1713085636307}, {"name": "Получаем количество заказов, выполненных за сегодня", "status": "passed", "start": 1713085636308, "stop": 1713085636330}], "parameters": [{"name": "driver", "value": "'firefox'"}], "start": 1713085633102, "stop": 1713085636331, "uuid": "c85a7809-743d-477c-94c5-41a1866d4d6d", "historyId": "a74c49697ce89fa477db183d0ae58642", "testCaseId": "527a7d80597a785f1ecb0d24989bb4b7", "fullName": "tests.test_feed_page.TestFeedPage#test_today_orders_counter_increase", "labels": [{"name": "parentSuite", "value": "tests"}, {"name": "suite", "value": "test_feed_page"}, {"name": "subSuite", "value": "TestFeedPage"}, {"name": "host", "value": "Radiuss-MacBook-Air.local"}, {"name": "thread", "value": "70542-MainThread"}, {"name": "framework", "value": "pytest"}, {"name": "language", "value": "cpython3"}, {"name": "package", "value": "tests.test_feed_page"}]}