{"name": "Проверка счетчика заказов, выполненных сегодня", "status": "broken", "statusDetails": {"message": "selenium.common.exceptions.ElementClickInterceptedException: Message: element click intercepted: Element <button type=\"button\" class=\"Modal_modal__close_modified__3V5XS Modal_modal__close__TnseK\">...</button> is not clickable at point (1146, 187). Other element would receive the click: <div class=\"Modal_modal_overlay__x2ZCr\"></div>\n  (Session info: chrome=123.0.6312.123)\nStacktrace:\n0   chromedriver                        0x00000001051d04a4 chromedriver + 4326564\n1   chromedriver                        0x00000001051c896c chromedriver + 4295020\n2   chromedriver                        0x0000000104df4088 chromedriver + 278664\n3   chromedriver                        0x0000000104e3c554 chromedriver + 574804\n4   chromedriver                        0x0000000104e3aad8 chromedriver + 568024\n5   chromedriver                        0x0000000104e38c58 chromedriver + 560216\n6   chromedriver                        0x0000000104e38188 chromedriver + 557448\n7   chromedriver                        0x0000000104e2d3ac chromedriver + 512940\n8   chromedriver                        0x0000000104e2cdd0 chromedriver + 511440\n9   chromedriver                        0x0000000104e6f4f8 chromedriver + 783608\n10  chromedriver                        0x0000000104e2b4e4 chromedriver + 505060\n11  chromedriver                        0x0000000104e2bf5c chromedriver + 507740\n12  chromedriver                        0x0000000105193a40 chromedriver + 4078144\n13  chromedriver                        0x00000001051987f8 chromedriver + 4098040\n14  chromedriver                        0x000000010517a5e4 chromedriver + 3974628\n15  chromedriver                        0x0000000105199110 chromedriver + 4100368\n16  chromedriver                        0x000000010516bbd4 chromedriver + 3914708\n17  chromedriver                        0x00000001051b9718 chromedriver + 4232984\n18  chromedriver                        0x00000001051b9894 chromedriver + 4233364\n19  chromedriver                        0x00000001051c85e0 chromedriver + 4294112\n20  libsystem_pthread.dylib             0x00000001b204426c _pthread_start + 148\n21  libsystem_pthread.dylib             0x00000001b203f08c thread_start + 8", "trace": "self = <test_feed_page.TestFeedPage object at 0x10688fc20>, driver = <selenium.webdriver.chrome.webdriver.WebDriver (session=\"999a39e05e317bd8ee2c02ee24ae380c\")>, set_user_tokens = None\n\n    @pytest.mark.parametrize('driver', ['chrome', 'firefox'], indirect=True)\n    @allure.title('Проверка счетчика заказов, выполненных сегодня')\n    @allure.description('Проверяем, что при создании нового заказа счётчик \"Выполнено за сегодня\" увеличивается')\n    def test_today_orders_counter_increase(self, driver, set_user_tokens):\n        driver.get(Urls.FEED_URL)\n        feed_page = FeedPage(driver)\n        feed_page.wait_for_orders_list_section()\n        orders_count_before = feed_page.get_today_orders_count()\n        feed_page.click_header_constructor_button()\n        main_page = MainPage(driver)\n        main_page.wait_for_order_section()\n        main_page.drag_ingredient_to_order_section()\n        main_page.click_order_button()\n        main_page.wait_for_created_order_modal()\n>       main_page.click_ingredient_modal_close_button()\n\ntests/test_feed_page.py:78: \n_ _ _ _ _ _ _ _ _ _ _ _ _ _ _ _ _ _ _ _ _ _ _ _ _ _ _ _ _ _ _ _ _ _ _ _ _ _ _ _ _ _ _ _ _ _ _ _ _ _ _ _ _ _ _ _ _ _ _ _ _ _ _ _ _ _ _ _ _ _ _ _ _ _ _ _ _ _ _ _ _ _ _ _ _ _ _ _ _ _ _ _ _ _ _ _ _ _ _ _ _ _ _ _ _ _ _ _ _ _ _ _ _\npages/main_page.py:27: in click_ingredient_modal_close_button\n    self.click_on_element(MainPageLocators.INGR_MODAL_CLOSE_BUTTON)\npages/base_page.py:17: in click_on_element\n    element.click()\nvenv/lib/python3.12/site-packages/selenium/webdriver/remote/webelement.py:94: in click\n    self._execute(Command.CLICK_ELEMENT)\nvenv/lib/python3.12/site-packages/selenium/webdriver/remote/webelement.py:395: in _execute\n    return self._parent.execute(command, params)\nvenv/lib/python3.12/site-packages/selenium/webdriver/remote/webdriver.py:347: in execute\n    self.error_handler.check_response(response)\n_ _ _ _ _ _ _ _ _ _ _ _ _ _ _ _ _ _ _ _ _ _ _ _ _ _ _ _ _ _ _ _ _ _ _ _ _ _ _ _ _ _ _ _ _ _ _ _ _ _ _ _ _ _ _ _ _ _ _ _ _ _ _ _ _ _ _ _ _ _ _ _ _ _ _ _ _ _ _ _ _ _ _ _ _ _ _ _ _ _ _ _ _ _ _ _ _ _ _ _ _ _ _ _ _ _ _ _ _ _ _ _ _\n\nself = <selenium.webdriver.remote.errorhandler.ErrorHandler object at 0x1068fbd70>\nresponse = {'status': 400, 'value': '{\"value\":{\"error\":\"element click intercepted\",\"message\":\"element click intercepted: Element ...0001b204426c _pthread_start + 148\\\\n21  libsystem_pthread.dylib             0x00000001b203f08c thread_start + 8\\\\n\"}}'}\n\n    def check_response(self, response: Dict[str, Any]) -> None:\n        \"\"\"Checks that a JSON response from the WebDriver does not have an\n        error.\n    \n        :Args:\n         - response - The JSON response from the WebDriver server as a dictionary\n           object.\n    \n        :Raises: If the response contains an error message.\n        \"\"\"\n        status = response.get(\"status\", None)\n        if not status or status == ErrorCode.SUCCESS:\n            return\n        value = None\n        message = response.get(\"message\", \"\")\n        screen: str = response.get(\"screen\", \"\")\n        stacktrace = None\n        if isinstance(status, int):\n            value_json = response.get(\"value\", None)\n            if value_json and isinstance(value_json, str):\n                import json\n    \n                try:\n                    value = json.loads(value_json)\n                    if len(value) == 1:\n                        value = value[\"value\"]\n                    status = value.get(\"error\", None)\n                    if not status:\n                        status = value.get(\"status\", ErrorCode.UNKNOWN_ERROR)\n                        message = value.get(\"value\") or value.get(\"message\")\n                        if not isinstance(message, str):\n                            value = message\n                            message = message.get(\"message\")\n                    else:\n                        message = value.get(\"message\", None)\n                except ValueError:\n                    pass\n    \n        exception_class: Type[WebDriverException]\n        e = ErrorCode()\n        error_codes = [item for item in dir(e) if not item.startswith(\"__\")]\n        for error_code in error_codes:\n            error_info = getattr(ErrorCode, error_code)\n            if isinstance(error_info, list) and status in error_info:\n                exception_class = getattr(ExceptionMapping, error_code, WebDriverException)\n                break\n        else:\n            exception_class = WebDriverException\n    \n        if not value:\n            value = response[\"value\"]\n        if isinstance(value, str):\n            raise exception_class(value)\n        if message == \"\" and \"message\" in value:\n            message = value[\"message\"]\n    \n        screen = None  # type: ignore[assignment]\n        if \"screen\" in value:\n            screen = value[\"screen\"]\n    \n        stacktrace = None\n        st_value = value.get(\"stackTrace\") or value.get(\"stacktrace\")\n        if st_value:\n            if isinstance(st_value, str):\n                stacktrace = st_value.split(\"\\n\")\n            else:\n                stacktrace = []\n                try:\n                    for frame in st_value:\n                        line = frame.get(\"lineNumber\", \"\")\n                        file = frame.get(\"fileName\", \"<anonymous>\")\n                        if line:\n                            file = f\"{file}:{line}\"\n                        meth = frame.get(\"methodName\", \"<anonymous>\")\n                        if \"className\" in frame:\n                            meth = f\"{frame['className']}.{meth}\"\n                        msg = \"    at %s (%s)\"\n                        msg = msg % (meth, file)\n                        stacktrace.append(msg)\n                except TypeError:\n                    pass\n        if exception_class == UnexpectedAlertPresentException:\n            alert_text = None\n            if \"data\" in value:\n                alert_text = value[\"data\"].get(\"text\")\n            elif \"alert\" in value:\n                alert_text = value[\"alert\"].get(\"text\")\n            raise exception_class(message, screen, stacktrace, alert_text)  # type: ignore[call-arg]  # mypy is not smart enough here\n>       raise exception_class(message, screen, stacktrace)\nE       selenium.common.exceptions.ElementClickInterceptedException: Message: element click intercepted: Element <button type=\"button\" class=\"Modal_modal__close_modified__3V5XS Modal_modal__close__TnseK\">...</button> is not clickable at point (1146, 187). Other element would receive the click: <div class=\"Modal_modal_overlay__x2ZCr\"></div>\nE         (Session info: chrome=123.0.6312.123)\nE       Stacktrace:\nE       0   chromedriver                        0x00000001051d04a4 chromedriver + 4326564\nE       1   chromedriver                        0x00000001051c896c chromedriver + 4295020\nE       2   chromedriver                        0x0000000104df4088 chromedriver + 278664\nE       3   chromedriver                        0x0000000104e3c554 chromedriver + 574804\nE       4   chromedriver                        0x0000000104e3aad8 chromedriver + 568024\nE       5   chromedriver                        0x0000000104e38c58 chromedriver + 560216\nE       6   chromedriver                        0x0000000104e38188 chromedriver + 557448\nE       7   chromedriver                        0x0000000104e2d3ac chromedriver + 512940\nE       8   chromedriver                        0x0000000104e2cdd0 chromedriver + 511440\nE       9   chromedriver                        0x0000000104e6f4f8 chromedriver + 783608\nE       10  chromedriver                        0x0000000104e2b4e4 chromedriver + 505060\nE       11  chromedriver                        0x0000000104e2bf5c chromedriver + 507740\nE       12  chromedriver                        0x0000000105193a40 chromedriver + 4078144\nE       13  chromedriver                        0x00000001051987f8 chromedriver + 4098040\nE       14  chromedriver                        0x000000010517a5e4 chromedriver + 3974628\nE       15  chromedriver                        0x0000000105199110 chromedriver + 4100368\nE       16  chromedriver                        0x000000010516bbd4 chromedriver + 3914708\nE       17  chromedriver                        0x00000001051b9718 chromedriver + 4232984\nE       18  chromedriver                        0x00000001051b9894 chromedriver + 4233364\nE       19  chromedriver                        0x00000001051c85e0 chromedriver + 4294112\nE       20  libsystem_pthread.dylib             0x00000001b204426c _pthread_start + 148\nE       21  libsystem_pthread.dylib             0x00000001b203f08c thread_start + 8\n\nvenv/lib/python3.12/site-packages/selenium/webdriver/remote/errorhandler.py:229: ElementClickInterceptedException"}, "description": "Проверяем, что при создании нового заказа счётчик \"Выполнено за сегодня\" увеличивается", "steps": [{"name": "Ожидаем появления секции конструктора заказов", "status": "passed", "start": 1713085627050, "stop": 1713085627582}, {"name": "Получаем количество заказов, выполненных за сегодня", "status": "passed", "start": 1713085627582, "stop": 1713085627610}, {"name": "Кликам по кнопке \"Конструктор\" в хэдере", "status": "passed", "start": 1713085627610, "stop": 1713085627659}, {"name": "Ожидаем появления секции конструктора заказов", "status": "passed", "start": 1713085627659, "stop": 1713085627676}, {"name": "Перетаскиваем булочку в секцию заказа", "status": "passed", "start": 1713085627676, "stop": 1713085628254}, {"name": "Кликам по кнопке оформления заказа", "status": "passed", "start": 1713085628254, "stop": 1713085628303}, {"name": "Ожидаем появления модалки с деталями заказа", "status": "passed", "start": 1713085628303, "stop": 1713085628325}, {"name": "Кликам по крестику закрытия модалки с деталями ингредиента", "status": "broken", "statusDetails": {"message": "selenium.common.exceptions.ElementClickInterceptedException: Message: element click intercepted: Element <button type=\"button\" class=\"Modal_modal__close_modified__3V5XS Modal_modal__close__TnseK\">...</button> is not clickable at point (1146, 187). Other element would receive the click: <div class=\"Modal_modal_overlay__x2ZCr\"></div>\n  (Session info: chrome=123.0.6312.123)\nStacktrace:\n0   chromedriver                        0x00000001051d04a4 chromedriver + 4326564\n1   chromedriver                        0x00000001051c896c chromedriver + 4295020\n2   chromedriver                        0x0000000104df4088 chromedriver + 278664\n3   chromedriver                        0x0000000104e3c554 chromedriver + 574804\n4   chromedriver                        0x0000000104e3aad8 chromedriver + 568024\n5   chromedriver                        0x0000000104e38c58 chromedriver + 560216\n6   chromedriver                        0x0000000104e38188 chromedriver + 557448\n7   chromedriver                        0x0000000104e2d3ac chromedriver + 512940\n8   chromedriver                        0x0000000104e2cdd0 chromedriver + 511440\n9   chromedriver                        0x0000000104e6f4f8 chromedriver + 783608\n10  chromedriver                        0x0000000104e2b4e4 chromedriver + 505060\n11  chromedriver                        0x0000000104e2bf5c chromedriver + 507740\n12  chromedriver                        0x0000000105193a40 chromedriver + 4078144\n13  chromedriver                        0x00000001051987f8 chromedriver + 4098040\n14  chromedriver                        0x000000010517a5e4 chromedriver + 3974628\n15  chromedriver                        0x0000000105199110 chromedriver + 4100368\n16  chromedriver                        0x000000010516bbd4 chromedriver + 3914708\n17  chromedriver                        0x00000001051b9718 chromedriver + 4232984\n18  chromedriver                        0x00000001051b9894 chromedriver + 4233364\n19  chromedriver                        0x00000001051c85e0 chromedriver + 4294112\n20  libsystem_pthread.dylib             0x00000001b204426c _pthread_start + 148\n21  libsystem_pthread.dylib             0x00000001b203f08c thread_start + 8\n\n", "trace": "  File \"/Users/radiusme/coding/Diplom_3/venv/lib/python3.12/site-packages/allure_commons/_allure.py\", line 192, in impl\n    return func(*a, **kw)\n           ^^^^^^^^^^^^^^\n  File \"/Users/radiusme/coding/Diplom_3/pages/main_page.py\", line 27, in click_ingredient_modal_close_button\n    self.click_on_element(MainPageLocators.INGR_MODAL_CLOSE_BUTTON)\n  File \"/Users/radiusme/coding/Diplom_3/pages/base_page.py\", line 17, in click_on_element\n    element.click()\n  File \"/Users/radiusme/coding/Diplom_3/venv/lib/python3.12/site-packages/selenium/webdriver/remote/webelement.py\", line 94, in click\n    self._execute(Command.CLICK_ELEMENT)\n  File \"/Users/radiusme/coding/Diplom_3/venv/lib/python3.12/site-packages/selenium/webdriver/remote/webelement.py\", line 395, in _execute\n    return self._parent.execute(command, params)\n           ^^^^^^^^^^^^^^^^^^^^^^^^^^^^^^^^^^^^^\n  File \"/Users/radiusme/coding/Diplom_3/venv/lib/python3.12/site-packages/selenium/webdriver/remote/webdriver.py\", line 347, in execute\n    self.error_handler.check_response(response)\n  File \"/Users/radiusme/coding/Diplom_3/venv/lib/python3.12/site-packages/selenium/webdriver/remote/errorhandler.py\", line 229, in check_response\n    raise exception_class(message, screen, stacktrace)\n"}, "start": 1713085628325, "stop": 1713085629420}], "parameters": [{"name": "driver", "value": "'chrome'"}], "start": 1713085626946, "stop": 1713085629422, "uuid": "f59597e6-9f2e-457f-94f9-ef690ad5f315", "historyId": "9efc6a3b9ec4ff6807f4c732ebfe7e32", "testCaseId": "527a7d80597a785f1ecb0d24989bb4b7", "fullName": "tests.test_feed_page.TestFeedPage#test_today_orders_counter_increase", "labels": [{"name": "parentSuite", "value": "tests"}, {"name": "suite", "value": "test_feed_page"}, {"name": "subSuite", "value": "TestFeedPage"}, {"name": "host", "value": "Radiuss-MacBook-Air.local"}, {"name": "thread", "value": "70542-MainThread"}, {"name": "framework", "value": "pytest"}, {"name": "language", "value": "cpython3"}, {"name": "package", "value": "tests.test_feed_page"}]}